mode: atomic
github.com/fatmalabidi/buzzfizz/internal/services/stats/service.go:13.39,17.2 1 0
github.com/fatmalabidi/buzzfizz/internal/services/stats/service.go:19.68,21.2 1 0
github.com/fatmalabidi/buzzfizz/internal/services/stats/service.go:23.59,26.2 1 0
github.com/fatmalabidi/buzzfizz/internal/services/stats/store.go:20.24,24.2 1 8
github.com/fatmalabidi/buzzfizz/internal/services/stats/store.go:26.57,30.23 3 5
github.com/fatmalabidi/buzzfizz/internal/services/stats/store.go:30.23,32.3 1 2
github.com/fatmalabidi/buzzfizz/internal/services/stats/store.go:34.2,37.31 3 3
github.com/fatmalabidi/buzzfizz/internal/services/stats/store.go:37.31,38.26 1 5
github.com/fatmalabidi/buzzfizz/internal/services/stats/store.go:38.26,41.4 2 3
github.com/fatmalabidi/buzzfizz/internal/services/stats/store.go:43.2,43.26 1 3
github.com/fatmalabidi/buzzfizz/internal/services/stats/store.go:46.64,48.2 1 13
github.com/fatmalabidi/buzzfizz/internal/services/stats/store.go:50.69,55.34 4 11
github.com/fatmalabidi/buzzfizz/internal/services/stats/store.go:55.34,58.3 2 4
github.com/fatmalabidi/buzzfizz/internal/services/stats/store.go:60.2,67.3 1 7
github.com/fatmalabidi/buzzfizz/internal/services/fizzbuzz/service.go:14.27,16.2 1 0
github.com/fatmalabidi/buzzfizz/internal/services/fizzbuzz/service.go:18.78,20.30 2 3
github.com/fatmalabidi/buzzfizz/internal/services/fizzbuzz/service.go:20.30,21.25 1 25
github.com/fatmalabidi/buzzfizz/internal/services/fizzbuzz/service.go:21.25,23.4 1 1
github.com/fatmalabidi/buzzfizz/internal/services/fizzbuzz/service.go:23.9,23.25 1 24
github.com/fatmalabidi/buzzfizz/internal/services/fizzbuzz/service.go:23.25,25.4 1 3
github.com/fatmalabidi/buzzfizz/internal/services/fizzbuzz/service.go:25.9,25.25 1 21
github.com/fatmalabidi/buzzfizz/internal/services/fizzbuzz/service.go:25.25,27.4 1 5
github.com/fatmalabidi/buzzfizz/internal/services/fizzbuzz/service.go:27.9,29.4 1 16
github.com/fatmalabidi/buzzfizz/internal/services/fizzbuzz/service.go:32.2,32.15 1 3
github.com/fatmalabidi/buzzfizz/internal/handlers/fizzbuzz_handler.go:12.110,14.16 2 7
github.com/fatmalabidi/buzzfizz/internal/handlers/fizzbuzz_handler.go:14.16,17.3 2 4
github.com/fatmalabidi/buzzfizz/internal/handlers/fizzbuzz_handler.go:19.2,22.58 4 3
github.com/fatmalabidi/buzzfizz/internal/handlers/fizzbuzz_handler.go:22.58,25.3 2 0
github.com/fatmalabidi/buzzfizz/internal/handlers/fizzbuzz_handler.go:26.2,26.89 1 3
github.com/fatmalabidi/buzzfizz/internal/handlers/fizzbuzz_handler.go:29.70,30.42 1 7
github.com/fatmalabidi/buzzfizz/internal/handlers/fizzbuzz_handler.go:30.42,32.3 1 2
github.com/fatmalabidi/buzzfizz/internal/handlers/fizzbuzz_handler.go:34.2,34.52 1 5
github.com/fatmalabidi/buzzfizz/internal/handlers/fizzbuzz_handler.go:34.52,36.3 1 1
github.com/fatmalabidi/buzzfizz/internal/handlers/fizzbuzz_handler.go:38.2,38.23 1 4
github.com/fatmalabidi/buzzfizz/internal/handlers/fizzbuzz_handler.go:38.23,40.3 1 1
github.com/fatmalabidi/buzzfizz/internal/handlers/fizzbuzz_handler.go:42.2,42.12 1 3
github.com/fatmalabidi/buzzfizz/internal/handlers/server.go:19.86,24.2 1 0
github.com/fatmalabidi/buzzfizz/internal/handlers/server.go:25.66,28.85 3 4
github.com/fatmalabidi/buzzfizz/internal/handlers/server.go:28.85,30.3 1 0
github.com/fatmalabidi/buzzfizz/internal/handlers/stats_handler.go:11.81,13.16 2 1
github.com/fatmalabidi/buzzfizz/internal/handlers/stats_handler.go:13.16,16.3 2 0
github.com/fatmalabidi/buzzfizz/internal/handlers/stats_handler.go:17.2,18.57 2 1
github.com/fatmalabidi/buzzfizz/internal/handlers/stats_handler.go:18.57,21.3 2 0
